xaid00.prn
xbid00.prn
xcid00.prn
xdid00.prn
xeid00.prn
xfid00.prn
xgid00.prn
xhid00.prn
xiid00.prn
xjid00.prn
xkid00.prn
xlid00.prn
xmid00.prn
xnid00.prn
xoid00.prn
xpid00.prn
xqid00.prn
xrid00.prn
xsid00.prn
xtid00.prn
xuid00.prn
xvid00.prn
xwid00.prn
xxid00.prn
xyid00.prn
xzid00.prn
xaaid00.prn
xabid00.prn
xacid00.prn
xadid00.prn
xaeid00.prn
xafid00.prn
xagid00.prn
xahid00.prn
xaiid00.prn
xajid00.prn
xakid00.prn
xalid00.prn
xamid00.prn
xanid00.prn
xaoid00.prn
xapid00.prn
xaqid00.prn
xarid00.prn
xasid00.prn
xatid00.prn
xauid00.prn
xavid00.prn
xawid00.prn
xaxid00.prn
xayid00.prn
xazid00.prn
xa{id00.prn
xbaid00.prn
xbbid00.prn
xbcid00.prn
xbdid00.prn
xbeid00.prn
xbfid00.prn
xbgid00.prn
xbhid00.prn
xbiid00.prn
xbjid00.prn
xbkid00.prn
xblid00.prn
xbmid00.prn
xbnid00.prn
xboid00.prn
xbpid00.prn
xbqid00.prn
xbrid00.prn
xbsid00.prn
xbtid00.prn
xbuid00.prn
xbvid00.prn
xbwid00.prn
xbxid00.prn
xbyid00.prn
xbzid00.prn
xb{id00.prn
xcaid00.prn
xcbid00.prn
xccid00.prn
xcdid00.prn
xceid00.prn
xcfid00.prn
xcgid00.prn
xchid00.prn
xciid00.prn
xcjid00.prn
xckid00.prn
xclid00.prn
xcmid00.prn
xcnid00.prn
xcoid00.prn
xcpid00.prn
xcqid00.prn
xcrid00.prn
xcsid00.prn
xctid00.prn
xcuid00.prn
xcvid00.prn
xcwid00.prn
xcxid00.prn
xcyid00.prn
xczid00.prn
xc{id00.prn
xdaid00.prn
xdbid00.prn
xdcid00.prn
xddid00.prn
xdeid00.prn
xdfid00.prn
xdgid00.prn
xdhid00.prn
xdiid00.prn
xdjid00.prn
xdkid00.prn
xdlid00.prn
xdmid00.prn
xdnid00.prn
xdoid00.prn
xdpid00.prn
xdqid00.prn
xdrid00.prn
xdsid00.prn
xdtid00.prn
xduid00.prn
xdvid00.prn
xdwid00.prn
xdxid00.prn
xdyid00.prn
xdzid00.prn
xd{id00.prn
xeaid00.prn
xebid00.prn
xecid00.prn
xedid00.prn
xeeid00.prn
xefid00.prn
xegid00.prn
xehid00.prn
xeiid00.prn
xejid00.prn
xekid00.prn
xelid00.prn
xemid00.prn
xenid00.prn
xeoid00.prn
xepid00.prn
xeqid00.prn
xerid00.prn
xesid00.prn
xetid00.prn
xeuid00.prn
xevid00.prn
xewid00.prn
xexid00.prn
xeyid00.prn
xezid00.prn
xe{id00.prn
xfaid00.prn
xfbid00.prn
xfcid00.prn
xfdid00.prn
xfeid00.prn
xffid00.prn
xfgid00.prn
xfhid00.prn
xfiid00.prn
xfjid00.prn
xfkid00.prn
xflid00.prn
xfmid00.prn
xfnid00.prn
xfoid00.prn
xfpid00.prn
xfqid00.prn
xfrid00.prn
xfsid00.prn
xftid00.prn
xfuid00.prn
xfvid00.prn
xfwid00.prn
xfxid00.prn
xfyid00.prn
xfzid00.prn
xf{id00.prn
xgaid00.prn
xgbid00.prn
xgcid00.prn
xgdid00.prn
xgeid00.prn
xgfid00.prn
xggid00.prn
xghid00.prn
xgiid00.prn
xgjid00.prn
xgkid00.prn
xglid00.prn
xgmid00.prn
xgnid00.prn
xgoid00.prn
xgpid00.prn
xgqid00.prn
xgrid00.prn
xgsid00.prn
xgtid00.prn
xguid00.prn
xgvid00.prn
xgwid00.prn
xgxid00.prn
xgyid00.prn
xgzid00.prn
xg{id00.prn
xhaid00.prn
xhbid00.prn
xhcid00.prn
xhdid00.prn
xheid00.prn
xhfid00.prn
xhgid00.prn
xhhid00.prn
xhiid00.prn
xhjid00.prn
xhkid00.prn
xhlid00.prn
xhmid00.prn
xhnid00.prn
xhoid00.prn
xhpid00.prn
xhqid00.prn
xhrid00.prn
xhsid00.prn
xhtid00.prn
xhuid00.prn
xhvid00.prn
xhwid00.prn
xhxid00.prn
xhyid00.prn
xhzid00.prn
xh{id00.prn
xiaid00.prn
xibid00.prn
xicid00.prn
xidid00.prn
xieid00.prn
xifid00.prn
xigid00.prn
xihid00.prn
xiiid00.prn
xijid00.prn
xikid00.prn
xilid00.prn
ximid00.prn
xinid00.prn
xioid00.prn
xipid00.prn
xiqid00.prn
xirid00.prn
xisid00.prn
xitid00.prn
xiuid00.prn
xivid00.prn
xiwid00.prn
xixid00.prn
xiyid00.prn
xizid00.prn
xi{id00.prn
xjaid00.prn
xjbid00.prn
xjcid00.prn
xjdid00.prn
xjeid00.prn
xjfid00.prn
xjgid00.prn
xjhid00.prn
xjiid00.prn
xjjid00.prn
xjkid00.prn
xjlid00.prn
xjmid00.prn
xjnid00.prn
xjoid00.prn
xjpid00.prn
xjqid00.prn
xjrid00.prn
xjsid00.prn
xjtid00.prn
xjuid00.prn
xjvid00.prn
xjwid00.prn
xjxid00.prn
xjyid00.prn
xjzid00.prn
xj{id00.prn
xkaid00.prn
xkbid00.prn
xkcid00.prn
xkdid00.prn
xkeid00.prn
xkfid00.prn
xkgid00.prn
xkhid00.prn
xkiid00.prn
xkjid00.prn
xkkid00.prn
xklid00.prn
xkmid00.prn
xknid00.prn
xkoid00.prn
xkpid00.prn
xkqid00.prn
xkrid00.prn
xksid00.prn
xktid00.prn
xkuid00.prn
xkvid00.prn
xkwid00.prn
xkxid00.prn
xkyid00.prn
xkzid00.prn
xk{id00.prn
xlaid00.prn
xlbid00.prn
xlcid00.prn
xldid00.prn
xleid00.prn
xlfid00.prn
xlgid00.prn
xlhid00.prn
xliid00.prn
xljid00.prn
xlkid00.prn
xllid00.prn
xlmid00.prn
xlnid00.prn
xloid00.prn
xlpid00.prn
xlqid00.prn
xlrid00.prn
xlsid00.prn
xltid00.prn
xluid00.prn
xlvid00.prn
xlwid00.prn
xlxid00.prn
xlyid00.prn
xlzid00.prn
xl{id00.prn
xmaid00.prn
xmbid00.prn
xmcid00.prn
xmdid00.prn
xmeid00.prn
xmfid00.prn
xmgid00.prn
xmhid00.prn
xmiid00.prn
xmjid00.prn
xmkid00.prn
xmlid00.prn
xmmid00.prn
xmnid00.prn
xmoid00.prn
xmpid00.prn
xmqid00.prn
xmrid00.prn
xmsid00.prn
xmtid00.prn
xmuid00.prn
xmvid00.prn
xmwid00.prn
xmxid00.prn
xmyid00.prn
xmzid00.prn
xm{id00.prn
xnaid00.prn
xnbid00.prn
xncid00.prn
xndid00.prn
xneid00.prn
xnfid00.prn
xngid00.prn
xnhid00.prn
xniid00.prn
xnjid00.prn
xnkid00.prn
xnlid00.prn
xnmid00.prn
xnnid00.prn
xnoid00.prn
xnpid00.prn
xnqid00.prn
xnrid00.prn
xnsid00.prn
xntid00.prn
xnuid00.prn
xnvid00.prn
xnwid00.prn
xnxid00.prn
xnyid00.prn
xnzid00.prn
xn{id00.prn
xoaid00.prn
xobid00.prn
xocid00.prn
xodid00.prn
xoeid00.prn
xofid00.prn
xogid00.prn
xohid00.prn
xoiid00.prn
xojid00.prn
xokid00.prn
xolid00.prn
xomid00.prn
xonid00.prn
xooid00.prn
xopid00.prn
xoqid00.prn
xorid00.prn
xosid00.prn
xotid00.prn
xouid00.prn
xovid00.prn
xowid00.prn
xoxid00.prn
xoyid00.prn
xozid00.prn
xo{id00.prn
xpaid00.prn
xpbid00.prn
xpcid00.prn
xpdid00.prn
xpeid00.prn
xpfid00.prn
xpgid00.prn
xphid00.prn
xpiid00.prn
xpjid00.prn
xpkid00.prn
xplid00.prn
xpmid00.prn
xpnid00.prn
xpoid00.prn
xppid00.prn
xpqid00.prn
xprid00.prn
xpsid00.prn
xptid00.prn
xpuid00.prn
xpvid00.prn
xpwid00.prn
xpxid00.prn
xpyid00.prn
xpzid00.prn
xp{id00.prn
xqaid00.prn
xqbid00.prn
xqcid00.prn
xqdid00.prn
xqeid00.prn
xqfid00.prn
xqgid00.prn
xqhid00.prn
xqiid00.prn
xqjid00.prn
xqkid00.prn
xqlid00.prn
xqmid00.prn
xqnid00.prn
xqoid00.prn
xqpid00.prn
xqqid00.prn
xqrid00.prn
xqsid00.prn
xqtid00.prn
xquid00.prn
xqvid00.prn
xqwid00.prn
xqxid00.prn
xqyid00.prn
xqzid00.prn
xq{id00.prn
xraid00.prn
xrbid00.prn
xrcid00.prn
xrdid00.prn
xreid00.prn
xrfid00.prn
xrgid00.prn
xrhid00.prn
xriid00.prn
xrjid00.prn
xrkid00.prn
xrlid00.prn
xrmid00.prn
xrnid00.prn
xroid00.prn
xrpid00.prn
xrqid00.prn
xrrid00.prn
xrsid00.prn
xrtid00.prn
xruid00.prn
xrvid00.prn
xrwid00.prn
xrxid00.prn
xryid00.prn
xrzid00.prn
xr{id00.prn
xsaid00.prn
xsbid00.prn
xscid00.prn
xsdid00.prn
xseid00.prn
xsfid00.prn
xsgid00.prn
xshid00.prn
xsiid00.prn
xsjid00.prn
xskid00.prn
xslid00.prn
xsmid00.prn
xsnid00.prn
xsoid00.prn
xspid00.prn
xsqid00.prn
xsrid00.prn
xssid00.prn
xstid00.prn
xsuid00.prn
xsvid00.prn
xswid00.prn
xsxid00.prn
xsyid00.prn
xszid00.prn
xs{id00.prn
xtaid00.prn
xtbid00.prn
xtcid00.prn
xtdid00.prn
xteid00.prn
xtfid00.prn
xtgid00.prn
xthid00.prn
xtiid00.prn
xtjid00.prn
xtkid00.prn
xtlid00.prn
xtmid00.prn
xtnid00.prn
xtoid00.prn
xtpid00.prn
xtqid00.prn
xtrid00.prn
xtsid00.prn
xttid00.prn
xtuid00.prn
xtvid00.prn
xtwid00.prn
xtxid00.prn
xtyid00.prn
xtzid00.prn
xt{id00.prn
xuaid00.prn
xubid00.prn
xucid00.prn
xudid00.prn
xueid00.prn
xufid00.prn
xugid00.prn
xuhid00.prn
xuiid00.prn
xujid00.prn
xukid00.prn
xulid00.prn
xumid00.prn
xunid00.prn
xuoid00.prn
xupid00.prn
xuqid00.prn
xurid00.prn
xusid00.prn
xutid00.prn
xuuid00.prn
xuvid00.prn
xuwid00.prn
xuxid00.prn
xuyid00.prn
xuzid00.prn
xu{id00.prn
xvaid00.prn
xvbid00.prn
xvcid00.prn
xvdid00.prn
xveid00.prn
xvfid00.prn
xvgid00.prn
xvhid00.prn
xviid00.prn
xvjid00.prn
xvkid00.prn
xvlid00.prn
xvmid00.prn
xvnid00.prn
xvoid00.prn
xvpid00.prn
xvqid00.prn
xvrid00.prn
xvsid00.prn
xvtid00.prn
xvuid00.prn
xvvid00.prn
xvwid00.prn
xvxid00.prn
xvyid00.prn
xvzid00.prn
xv{id00.prn
xwaid00.prn
xwbid00.prn
xwcid00.prn
xwdid00.prn
xweid00.prn
xwfid00.prn
xwgid00.prn
xwhid00.prn
xwiid00.prn
xwjid00.prn
xwkid00.prn
xwlid00.prn
xwmid00.prn
xwnid00.prn
xwoid00.prn
xwpid00.prn
xwqid00.prn
xwrid00.prn
xwsid00.prn
xwtid00.prn
xwuid00.prn
xwvid00.prn
xwwid00.prn
xwxid00.prn
xwyid00.prn
xwzid00.prn
xw{id00.prn
xxaid00.prn
xxbid00.prn
xxcid00.prn
xxdid00.prn
xxeid00.prn
xxfid00.prn
xxgid00.prn
xxhid00.prn
xxiid00.prn
xxjid00.prn
xxkid00.prn
xxlid00.prn
xxmid00.prn
xxnid00.prn
xxoid00.prn
xxpid00.prn
xxqid00.prn
xxrid00.prn
xxsid00.prn
xxtid00.prn
xxuid00.prn
xxvid00.prn
xxwid00.prn
xxxid00.prn
xxyid00.prn
xxzid00.prn
xx{id00.prn
xyaid00.prn
xybid00.prn
xycid00.prn
xydid00.prn
xyeid00.prn
xyfid00.prn
xygid00.prn
xyhid00.prn
xyiid00.prn
xyjid00.prn
xykid00.prn
xylid00.prn
xymid00.prn
xynid00.prn
xyoid00.prn
xypid00.prn
xyqid00.prn
xyrid00.prn
xysid00.prn
xytid00.prn
xyuid00.prn
xyvid00.prn
xywid00.prn
xyxid00.prn
xyyid00.prn
xyzid00.prn
xy{id00.prn
xzaid00.prn
xzbid00.prn
xzcid00.prn
xzdid00.prn
xzeid00.prn
xzfid00.prn
xzgid00.prn
xzhid00.prn
xziid00.prn
xzjid00.prn
xzkid00.prn
xzlid00.prn
xzmid00.prn
xznid00.prn
xzoid00.prn
xzpid00.prn
xzqid00.prn
xzrid00.prn
xzsid00.prn
xztid00.prn
xzuid00.prn
xzvid00.prn
xzwid00.prn
xzxid00.prn
xzyid00.prn
xzzid00.prn
xz{id00.prn
x{aid00.prn
x{bid00.prn
x{cid00.prn
x{did00.prn
x{eid00.prn
x{fid00.prn
x{gid00.prn
x{hid00.prn
x{iid00.prn
x{jid00.prn
x{kid00.prn
x{lid00.prn
x{mid00.prn
x{nid00.prn
x{oid00.prn
x{pid00.prn
x{qid00.prn
x{rid00.prn
x{sid00.prn
x{tid00.prn
x{uid00.prn
x{vid00.prn
x{wid00.prn
x{xid00.prn
x{yid00.prn
x{zid00.prn
x{{id00.prn
x|aid00.prn
x|bid00.prn
x|cid00.prn
x|did00.prn
x|eid00.prn
x|fid00.prn
x|gid00.prn
x|hid00.prn
x|iid00.prn
x|jid00.prn
x|kid00.prn
x|lid00.prn
x|mid00.prn
x|nid00.prn
x|oid00.prn
x|pid00.prn
x|qid00.prn
x|rid00.prn
x|sid00.prn
x|tid00.prn
x|uid00.prn
x|vid00.prn
x|wid00.prn
x|xid00.prn
x|yid00.prn
x|zid00.prn
x|{id00.prn
x}aid00.prn
x}bid00.prn
x}cid00.prn
x}did00.prn
x}eid00.prn
x}fid00.prn
x}gid00.prn
x}hid00.prn
x}iid00.prn
x}jid00.prn
x}kid00.prn
x}lid00.prn
x}mid00.prn
x}nid00.prn
x}oid00.prn
x}pid00.prn
x}qid00.prn
x}rid00.prn
x}sid00.prn
x}tid00.prn
x}uid00.prn
x}vid00.prn
x}wid00.prn
x}xid00.prn
x}yid00.prn
x}zid00.prn
x}{id00.prn
x~aid00.prn
x~bid00.prn
x~cid00.prn
x~did00.prn
x~eid00.prn
x~fid00.prn
x~gid00.prn
x~hid00.prn
x~iid00.prn
x~jid00.prn
x~kid00.prn
x~lid00.prn
x~mid00.prn
x~nid00.prn
x~oid00.prn
x~pid00.prn
x~qid00.prn
x~rid00.prn
x~sid00.prn
x~tid00.prn
x~uid00.prn
x~vid00.prn
x~wid00.prn
x~xid00.prn
x~yid00.prn
x~zid00.prn
x~{id00.prn
